[    0.000000] Linux version 4.15.0-212-generic (buildd@lcy02-amd64-083) (gcc version 7.5.0 (Ubuntu 7.5.0-3ubuntu1~18.04)) #223-Ubuntu SMP Tue May 23 13:09:22 UTC 2023 (Ubuntu 4.15.0-212.223-generic 4.15.18)
[    0.000000] Command line: BOOT_IMAGE=/boot/vmlinuz-4.15.0-212-generic root=LABEL=cloudimg-rootfs ro console=tty1 console=ttyS0
[    0.000000] KERNEL supported cpus:
[    0.000000]   Intel GenuineIntel
[    0.000000]   AMD AuthenticAMD
[    0.000000]   Centaur CentaurHauls
[    0.000000] x86/fpu: Supporting XSAVE feature 0x001: 'x87 floating point registers'
[    0.000000] x86/fpu: Supporting XSAVE feature 0x002: 'SSE registers'
[    0.000000] x86/fpu: Supporting XSAVE feature 0x004: 'AVX registers'
[    0.000000] x86/fpu: xstate_offset[2]:  576, xstate_sizes[2]:  256
[    0.000000] x86/fpu: Enabled xstate features 0x7, context size is 832 bytes, using 'standard' format.
[    0.000000] e820: BIOS-provided physical RAM map:
[    0.000000] BIOS-e820: [mem 0x0000000000000000-0x000000000009fbff] usable
[    0.000000] BIOS-e820: [mem 0x000000000009fc00-0x000000000009ffff] reserved
[    0.000000] BIOS-e820: [mem 0x00000000000f0000-0x00000000000fffff] reserved
[    0.000000] BIOS-e820: [mem 0x0000000000100000-0x00000000dffeffff] usable
[    0.000000] BIOS-e820: [mem 0x00000000dfff0000-0x00000000dfffffff] ACPI data
[    0.000000] BIOS-e820: [mem 0x00000000fec00000-0x00000000fec00fff] reserved
[    0.000000] BIOS-e820: [mem 0x00000000fee00000-0x00000000fee00fff] reserved
[    0.000000] BIOS-e820: [mem 0x00000000fffc0000-0x00000000ffffffff] reserved
[    0.000000] BIOS-e820: [mem 0x0000000100000000-0x000000021fffffff] usable
[    0.000000] NX (Execute Disable) protection: active
[    0.000000] SMBIOS 2.5 present.
[    0.000000] DMI: innotek GmbH VirtualBox/VirtualBox, BIOS VirtualBox 12/01/2006
[    0.000000] Hypervisor detected: KVM
[    0.000000] e820: last_pfn = 0x220000 max_arch_pfn = 0x400000000
[    0.000000] MTRR: Disabled
[    0.000000] x86/PAT: MTRRs disabled, skipping PAT initialization too.
[    0.000000] CPU MTRRs all blank - virtualized system.
[    0.000000] x86/PAT: Configuration [0-7]: WB  WT  UC- UC  WB  WT  UC- UC  
[    0.000000] e820: last_pfn = 0xdfff0 max_arch_pfn = 0x400000000
[    0.000000] found SMP MP-table at [mem 0x0009fff0-0x0009ffff]
[    0.000000] Scanning 1 areas for low memory corruption
[    0.000000] RAMDISK: [mem 0x359cb000-0x36cdcfff]
[    0.000000] ACPI: Early table checksum verification disabled
[    0.000000] ACPI: RSDP 0x00000000000E0000 000024 (v02 VBOX  )
[    0.000000] ACPI: XSDT 0x00000000DFFF0030 00003C (v01 VBOX   VBOXXSDT 00000001 ASL  00000061)
[    0.000000] ACPI: FACP 0x00000000DFFF00F0 0000F4 (v04 VBOX   VBOXFACP 00000001 ASL  00000061)
[    0.000000] ACPI: DSDT 0x00000000DFFF0490 002325 (v02 VBOX   VBOXBIOS 00000002 INTL 20120111)
[    0.000000] ACPI: FACS 0x00000000DFFF0200 000040
[    0.000000] ACPI: FACS 0x00000000DFFF0200 000040
[    0.000000] ACPI: APIC 0x00000000DFFF0240 000074 (v02 VBOX   VBOXAPIC 00000001 ASL  00000061)
[    0.000000] ACPI: SSDT 0x00000000DFFF02C0 0001CC (v01 VBOX   VBOXCPUT 00000002 INTL 20120111)
[    0.000000] ACPI: Reserving FACP table memory at [mem 0xdfff00f0-0xdfff01e3]
[    0.000000] ACPI: Reserving DSDT table memory at [mem 0xdfff0490-0xdfff27b4]
[    0.000000] ACPI: Reserving FACS table memory at [mem 0xdfff0200-0xdfff023f]
[    0.000000] ACPI: Reserving FACS table memory at [mem 0xdfff0200-0xdfff023f]
[    0.000000] ACPI: Reserving APIC table memory at [mem 0xdfff0240-0xdfff02b3]
[    0.000000] ACPI: Reserving SSDT table memory at [mem 0xdfff02c0-0xdfff048b]
[    0.000000] No NUMA configuration found
[    0.000000] Faking a node at [mem 0x0000000000000000-0x000000021fffffff]
[    0.000000] NODE_DATA(0) allocated [mem 0x21ffd1000-0x21fffbfff]
[    0.000000] kvm-clock: cpu 0, msr 2:1ff50001, primary cpu clock
[    0.000000] kvm-clock: Using msrs 4b564d01 and 4b564d00
[    0.000000] kvm-clock: using sched offset of 3187136188 cycles
[    0.000000] clocksource: kvm-clock: mask: 0xffffffffffffffff max_cycles: 0x1cd42e4dffb, max_idle_ns: 881590591483 ns
[    0.000000] Zone ranges:
[    0.000000]   DMA      [mem 0x0000000000001000-0x0000000000ffffff]
[    0.000000]   DMA32    [mem 0x0000000001000000-0x00000000ffffffff]
[    0.000000]   Normal   [mem 0x0000000100000000-0x000000021fffffff]
[    0.000000]   Device   empty
[    0.000000] Movable zone start for each node
[    0.000000] Early memory node ranges
[    0.000000]   node   0: [mem 0x0000000000001000-0x000000000009efff]
[    0.000000]   node   0: [mem 0x0000000000100000-0x00000000dffeffff]
[    0.000000]   node   0: [mem 0x0000000100000000-0x000000021fffffff]
[    0.000000] Reserved but unavailable: 104 pages
[    0.000000] Initmem setup node 0 [mem 0x0000000000001000-0x000000021fffffff]
[    0.000000] ACPI: PM-Timer IO Port: 0x4008
[    0.000000] IOAPIC[0]: apic_id 5, version 32, address 0xfec00000, GSI 0-23
[    0.000000] ACPI: INT_SRC_OVR (bus 0 bus_irq 0 global_irq 2 dfl dfl)
[    0.000000] ACPI: INT_SRC_OVR (bus 0 bus_irq 9 global_irq 9 low level)
[    0.000000] Using ACPI (MADT) for SMP configuration information
[    0.000000] smpboot: Allowing 5 CPUs, 0 hotplug CPUs
[    0.000000] PM: Registered nosave memory: [mem 0x00000000-0x00000fff]
[    0.000000] PM: Registered nosave memory: [mem 0x0009f000-0x0009ffff]
[    0.000000] PM: Registered nosave memory: [mem 0x000a0000-0x000effff]
[    0.000000] PM: Registered nosave memory: [mem 0x000f0000-0x000fffff]
[    0.000000] PM: Registered nosave memory: [mem 0xdfff0000-0xdfffffff]
[    0.000000] PM: Registered nosave memory: [mem 0xe0000000-0xfebfffff]
[    0.000000] PM: Registered nosave memory: [mem 0xfec00000-0xfec00fff]
[    0.000000] PM: Registered nosave memory: [mem 0xfec01000-0xfedfffff]
[    0.000000] PM: Registered nosave memory: [mem 0xfee00000-0xfee00fff]
[    0.000000] PM: Registered nosave memory: [mem 0xfee01000-0xfffbffff]
[    0.000000] PM: Registered nosave memory: [mem 0xfffc0000-0xffffffff]
[    0.000000] e820: [mem 0xe0000000-0xfebfffff] available for PCI devices
[    0.000000] Booting paravirtualized kernel on KVM
[    0.000000] clocksource: refined-jiffies: mask: 0xffffffff max_cycles: 0xffffffff, max_idle_ns: 7645519600211568 ns
[    0.000000] setup_percpu: NR_CPUS:8192 nr_cpumask_bits:5 nr_cpu_ids:5 nr_node_ids:1
[    0.000000] percpu: Embedded 50 pages/cpu s167936 r8192 d28672 u1048576
[    0.000000] PV qspinlock hash table entries: 256 (order: 0, 4096 bytes)
[    0.000000] Built 1 zonelists, mobility grouping on.  Total pages: 2064249
[    0.000000] Policy zone: Normal
[    0.000000] Kernel command line: BOOT_IMAGE=/boot/vmlinuz-4.15.0-212-generic root=LABEL=cloudimg-rootfs ro console=tty1 console=ttyS0
[    0.000000] Memory: 8141420K/8388152K available (12300K kernel code, 2477K rwdata, 4324K rodata, 2480K init, 2720K bss, 246732K reserved, 0K cma-reserved)
[    0.000000] SLUB: HWalign=64, Order=0-3, MinObjects=0, CPUs=5, Nodes=1
[    0.000000] Kernel/User page tables isolation: enabled
[    0.000000] ftrace: allocating 39508 entries in 155 pages
[    0.004000] Hierarchical RCU implementation.
[    0.004000] 	RCU restricting CPUs from NR_CPUS=8192 to nr_cpu_ids=5.
[    0.004000] 	Tasks RCU enabled.
[    0.004000] RCU: Adjusting geometry for rcu_fanout_leaf=16, nr_cpu_ids=5
[    0.004000] NR_IRQS: 524544, nr_irqs: 464, preallocated irqs: 16
[    0.004000] random: crng init done
[    0.004000] Console: colour VGA+ 80x25
[    0.004000] console [tty1] enabled
[    0.004000] console [ttyS0] enabled
[    0.004000] ACPI: Core revision 20170831
[    0.004000] ACPI: 2 ACPI AML tables successfully acquired and loaded
[    0.004000] APIC: Switch to symmetric I/O mode setup
[    0.004000] x2apic enabled
[    0.004000] Switched APIC routing to physical x2apic.
[    0.004000] ..TIMER: vector=0x30 apic1=0 pin1=2 apic2=-1 pin2=-1
[    0.004005] tsc: Detected 3095.998 MHz processor
[    0.004810] Calibrating delay loop (skipped) preset value.. 6191.99 BogoMIPS (lpj=12383992)
[    0.005194] pid_max: default: 32768 minimum: 301
[    0.005946] Security Framework initialized
[    0.006541] Yama: becoming mindful.
[    0.008023] AppArmor: AppArmor initialized
[    0.012000] Dentry cache hash table entries: 1048576 (order: 11, 8388608 bytes)
[    0.016007] Inode-cache hash table entries: 524288 (order: 10, 4194304 bytes)
[    0.017357] Mount-cache hash table entries: 16384 (order: 5, 131072 bytes)
[    0.018571] Mountpoint-cache hash table entries: 16384 (order: 5, 131072 bytes)
[    0.019810] Last level iTLB entries: 4KB 128, 2MB 8, 4MB 8
[    0.020003] Last level dTLB entries: 4KB 64, 2MB 0, 4MB 0, 1GB 4
[    0.020998] Spectre V1 : Mitigation: usercopy/swapgs barriers and __user pointer sanitization
[    0.022308] Spectre V2 : Mitigation: Retpolines
[    0.022963] Spectre V2 : Spectre v2 / SpectreRSB mitigation: Filling RSB on context switch
[    0.024002] Spectre V2 : Spectre v2 / SpectreRSB : Filling RSB on VMEXIT
[    0.024942] RETBleed: WARNING: Spectre v2 mitigation leaves CPU vulnerable to RETBleed attacks, data leaks possible!
[    0.026431] RETBleed: Vulnerable
[    0.026922] Speculative Store Bypass: Vulnerable
[    0.028043] MDS: Mitigation: Clear CPU buffers
[    0.028693] MMIO Stale Data: Mitigation: Clear CPU buffers
[    0.029469] SRBDS: Unknown: Dependent on hypervisor status
[    0.030366] Freeing SMP alternatives memory: 36K
[    0.140616] smpboot: CPU0: Intel(R) Core(TM) i5-8600 CPU @ 3.10GHz (family: 0x6, model: 0x9e, stepping: 0xa)
[    0.142620] Performance Events: unsupported p6 CPU model 158 no PMU driver, software events only.
[    0.144000] Hierarchical SRCU implementation.
[    0.145338] NMI watchdog: Perf event create on CPU 0 failed with -2
[    0.146269] NMI watchdog: Perf NMI watchdog permanently disabled
[    0.147152] smp: Bringing up secondary CPUs ...
[    0.148052] x86: Booting SMP configuration:
[    0.148668] .... node  #0, CPUs:      #1
[    0.004000] kvm-clock: cpu 1, msr 2:1ff50041, secondary cpu clock
[    0.152078]  #2
[    0.004000] kvm-clock: cpu 2, msr 2:1ff50081, secondary cpu clock
[    0.156077]  #3
[    0.004000] kvm-clock: cpu 3, msr 2:1ff500c1, secondary cpu clock
[    0.159393]  #4
[    0.004000] kvm-clock: cpu 4, msr 2:1ff50101, secondary cpu clock
[    0.162888] smp: Brought up 1 node, 5 CPUs
[    0.162888] smpboot: Max logical packages: 1
[    0.164002] smpboot: Total of 5 processors activated (30959.98 BogoMIPS)
[    0.165172] devtmpfs: initialized
[    0.165172] x86/mm: Memory block size: 128MB
[    0.165542] evm: security.selinux
[    0.166143] evm: security.SMACK64
[    0.168002] evm: security.SMACK64EXEC
[    0.168562] evm: security.SMACK64TRANSMUTE
[    0.169156] evm: security.SMACK64MMAP
[    0.169700] evm: security.apparmor
[    0.170228] evm: security.ima
[    0.170761] evm: security.capability
[    0.172079] clocksource: jiffies: mask: 0xffffffff max_cycles: 0xffffffff, max_idle_ns: 7645041785100000 ns
[    0.173536] futex hash table entries: 2048 (order: 5, 131072 bytes)
[    0.174448] pinctrl core: initialized pinctrl subsystem
[    0.175284] RTC time:  6:49:14, date: 07/07/24
[    0.177052] NET: Registered protocol family 16
[    0.177754] audit: initializing netlink subsys (disabled)
[    0.178540] audit: type=2000 audit(1720334958.884:1): state=initialized audit_enabled=0 res=1
[    0.180006] cpuidle: using governor ladder
[    0.180612] cpuidle: using governor menu
[    0.181239] ACPI: bus type PCI registered
[    0.181827] acpiphp: ACPI Hot Plug PCI Controller Driver version: 0.5
[    0.182785] PCI: Using configuration type 1 for base access
[    0.184501] HugeTLB registered 2.00 MiB page size, pre-allocated 0 pages
[    0.184963] ACPI: Added _OSI(Module Device)
[    0.184963] ACPI: Added _OSI(Processor Device)
[    0.185317] ACPI: Added _OSI(3.0 _SCP Extensions)
[    0.186123] ACPI: Added _OSI(Processor Aggregator Device)
[    0.188005] ACPI: Added _OSI(Linux-Dell-Video)
[    0.188653] ACPI: Added _OSI(Linux-Lenovo-NV-HDMI-Audio)
[    0.189413] ACPI: Added _OSI(Linux-HPI-Hybrid-Graphics)
[    0.190445] ACPI: Executed 1 blocks of module-level executable AML code
[    0.194263] ACPI: Interpreter enabled
[    0.196013] ACPI: (supports S0 S5)
[    0.196535] ACPI: Using IOAPIC for interrupt routing
[    0.197415] PCI: Using host bridge windows from ACPI; if necessary, use "pci=nocrs" and report a bug
[    0.198851] ACPI: Enabled 2 GPEs in block 00 to 07
[    0.204531] ACPI: PCI Root Bridge [PCI0] (domain 0000 [bus 00-ff])
[    0.205919] acpi PNP0A03:00: _OSC: OS supports [ASPM ClockPM Segments MSI]
[    0.207317] acpi PNP0A03:00: _OSC: not requesting OS control; OS requires [ExtendedConfig ASPM ClockPM MSI]
[    0.208018] acpi PNP0A03:00: fail to add MMCONFIG information, can't access extended PCI configuration space under this bridge.
[    0.209976] PCI host bridge to bus 0000:00
[    0.210597] pci_bus 0000:00: root bus resource [io  0x0000-0x0cf7 window]
[    0.212002] pci_bus 0000:00: root bus resource [io  0x0d00-0xffff window]
[    0.212951] pci_bus 0000:00: root bus resource [mem 0x000a0000-0x000bffff window]
[    0.214017] pci_bus 0000:00: root bus resource [mem 0xe0000000-0xfdffffff window]
[    0.216002] pci_bus 0000:00: root bus resource [bus 00-ff]
[    0.218492] pci 0000:00:01.1: legacy IDE quirk: reg 0x10: [io  0x01f0-0x01f7]
[    0.219520] pci 0000:00:01.1: legacy IDE quirk: reg 0x14: [io  0x03f6]
[    0.220003] pci 0000:00:01.1: legacy IDE quirk: reg 0x18: [io  0x0170-0x0177]
[    0.221197] pci 0000:00:01.1: legacy IDE quirk: reg 0x1c: [io  0x0376]
[    0.276519] pci 0000:00:07.0: quirk: [io  0x4000-0x403f] claimed by PIIX4 ACPI
[    0.277806] pci 0000:00:07.0: quirk: [io  0x4100-0x410f] claimed by PIIX4 SMB
[    0.313261] ACPI: PCI Interrupt Link [LNKA] (IRQs 5 9 10 *11)
[    0.314557] ACPI: PCI Interrupt Link [LNKB] (IRQs 5 9 *10 11)
[    0.316105] ACPI: PCI Interrupt Link [LNKC] (IRQs 5 *9 10 11)
[    0.317004] ACPI: PCI Interrupt Link [LNKD] (IRQs 5 9 10 *11)
[    0.318021] SCSI subsystem initialized
[    0.318618] pci 0000:00:02.0: vgaarb: setting as boot VGA device
[    0.318618] pci 0000:00:02.0: vgaarb: VGA device added: decodes=io+mem,owns=io+mem,locks=none
[    0.320010] pci 0000:00:02.0: vgaarb: bridge control possible
[    0.320818] vgaarb: loaded
[    0.321262] ACPI: bus type USB registered
[    0.321883] usbcore: registered new interface driver usbfs
[    0.324019] usbcore: registered new interface driver hub
[    0.324790] usbcore: registered new device driver usb
[    0.325551] EDAC MC: Ver: 3.0.0
[    0.325551] PCI: Using ACPI for IRQ routing
[    0.325551] NetLabel: Initializing
[    0.328002] NetLabel:  domain hash size = 128
[    0.328636] NetLabel:  protocols = UNLABELED CIPSOv4 CALIPSO
[    0.329437] NetLabel:  unlabeled traffic allowed by default
[    0.330231] clocksource: Switched to clocksource kvm-clock
[    0.337788] VFS: Disk quotas dquot_6.6.0
[    0.338612] VFS: Dquot-cache hash table entries: 512 (order 0, 4096 bytes)
[    0.339786] AppArmor: AppArmor Filesystem Enabled
[    0.340764] pnp: PnP ACPI init
[    0.342111] pnp: PnP ACPI: found 3 devices
[    0.350410] clocksource: acpi_pm: mask: 0xffffff max_cycles: 0xffffff, max_idle_ns: 2085701024 ns
[    0.351928] NET: Registered protocol family 2
[    0.352758] IP idents hash table entries: 131072 (order: 8, 1048576 bytes)
[    0.354318] TCP established hash table entries: 65536 (order: 7, 524288 bytes)
[    0.356295] TCP bind hash table entries: 65536 (order: 8, 1048576 bytes)
[    0.357303] TCP: Hash tables configured (established 65536 bind 65536)
[    0.358398] UDP hash table entries: 4096 (order: 5, 131072 bytes)
[    0.359252] UDP-Lite hash table entries: 4096 (order: 5, 131072 bytes)
[    0.360173] NET: Registered protocol family 1
[    0.360826] pci 0000:00:00.0: Limiting direct PCI/PCI transfers
[    0.361668] pci 0000:00:01.0: Activating ISA DMA hang workarounds
[    0.362545] pci 0000:00:02.0: Video device with shadowed ROM at [mem 0x000c0000-0x000dffff]
[    0.363785] Unpacking initramfs...
[    0.589553] Freeing initrd memory: 19528K
[    0.590231] PCI-DMA: Using software bounce buffering for IO (SWIOTLB)
[    0.591268] software IO TLB: mapped [mem 0xdbff0000-0xdfff0000] (64MB)
[    0.592256] clocksource: tsc: mask: 0xffffffffffffffff max_cycles: 0x2ca082f6619, max_idle_ns: 440795220240 ns
[    0.593667] platform rtc_cmos: registered platform RTC device (no PNP device found)
[    0.594810] Scanning for low memory corruption every 60 seconds
[    0.596155] Initialise system trusted keyrings
[    0.596880] Key type blacklist registered
[    0.597639] workingset: timestamp_bits=36 max_order=21 bucket_order=0
[    0.599232] zbud: loaded
[    0.599981] squashfs: version 4.0 (2009/01/31) Phillip Lougher
[    0.601025] fuse init (API version 7.26)
[    0.604733] Key type asymmetric registered
[    0.605542] Asymmetric key parser 'x509' registered
[    0.606394] Block layer SCSI generic (bsg) driver version 0.4 loaded (major 246)
[    0.607520] io scheduler noop registered
[    0.608102] io scheduler deadline registered
[    0.608779] io scheduler cfq registered (default)
[    0.609859] ACPI: AC Adapter [AC] (on-line)
[    0.610539] input: Power Button as /devices/LNXSYSTM:00/LNXPWRBN:00/input/input0
[    0.611656] ACPI: Power Button [PWRF]
[    0.612306] input: Sleep Button as /devices/LNXSYSTM:00/LNXSLPBN:00/input/input1
[    0.613388] ACPI: Sleep Button [SLPF]
[    0.614326] Serial: 8250/16550 driver, 32 ports, IRQ sharing enabled
[    0.636278] 00:02: ttyS0 at I/O 0x3f8 (irq = 4, base_baud = 115200) is a 16550A
[    0.639148] Linux agpgart interface v0.103
[    0.640986] loop: module loaded
[    0.642709] scsi host0: ata_piix
[    0.643291] scsi host1: ata_piix
[    0.643938] ata1: PATA max UDMA/33 cmd 0x1f0 ctl 0x3f6 bmdma 0xd000 irq 14
[    0.644929] ata2: PATA max UDMA/33 cmd 0x170 ctl 0x376 bmdma 0xd008 irq 15
[    0.645963] tun: Universal TUN/TAP device driver, 1.6
[    0.646786] PPP generic driver version 2.4.2
[    0.647473] ehci_hcd: USB 2.0 'Enhanced' Host Controller (EHCI) Driver
[    0.648426] ehci-pci: EHCI PCI platform driver
[    0.649069] ehci-platform: EHCI generic platform driver
[    0.649807] ohci_hcd: USB 1.1 'Open' Host Controller (OHCI) Driver
[    0.650661] ohci-pci: OHCI PCI platform driver
[    0.651330] ohci-platform: OHCI generic platform driver
[    0.652404] uhci_hcd: USB Universal Host Controller Interface driver
[    0.653592] i8042: PNP: PS/2 Controller [PNP0303:PS2K,PNP0f03:PS2M] at 0x60,0x64 irq 1,12
[    0.655275] serio: i8042 KBD port at 0x60,0x64 irq 1
[    0.656055] serio: i8042 AUX port at 0x60,0x64 irq 12
[    0.656903] mousedev: PS/2 mouse device common for all mice
[    0.657970] input: AT Translated Set 2 keyboard as /devices/platform/i8042/serio0/input/input2
[    0.659535] rtc_cmos rtc_cmos: rtc core: registered rtc_cmos as rtc0
[    0.660546] rtc_cmos rtc_cmos: alarms up to one day, 114 bytes nvram
[    0.661495] i2c /dev entries driver
[    0.662066] device-mapper: uevent: version 1.0.3
[    0.662826] device-mapper: ioctl: 4.37.0-ioctl (2017-09-20) initialised: dm-devel@redhat.com
[    0.664243] ledtrig-cpu: registered to indicate activity on CPUs
[    0.665547] NET: Registered protocol family 10
[    0.668580] Segment Routing with IPv6
[    0.669265] NET: Registered protocol family 17
[    0.670117] Key type dns_resolver registered
[    0.671082] mce: Using 0 MCE banks
[    0.671611] RAS: Correctable Errors collector initialized.
[    0.672469] sched_clock: Marking stable (672450788, 0)->(912049950, -239599162)
[    0.673899] registered taskstats version 1
[    0.674720] Loading compiled-in X.509 certificates
[    0.676942] Loaded X.509 cert 'Build time autogenerated kernel key: b5b26778eaa3ab3a4a6cee031137706e947d12ad'
[    0.678773] Loaded X.509 cert 'Canonical Ltd. Live Patch Signing: 14df34d1a87cf37625abec039ef2bf521249b969'
[    0.680569] Loaded X.509 cert 'Canonical Ltd. Kernel Module Signing: 88f752e560a1e0737e31163a466ad7b70a850c19'
[    0.681958] blacklist: Loading compiled-in revocation X.509 certificates
[    0.682893] Loaded X.509 cert 'Canonical Ltd. Secure Boot Signing: 61482aa2830d0ab2ad5af10b7250da9033ddcef0'
[    0.684268] Loaded X.509 cert 'Canonical Ltd. Secure Boot Signing (2017): 242ade75ac4a15e50d50c84b0d45ff3eae707a03'
[    0.685789] Loaded X.509 cert 'Canonical Ltd. Secure Boot Signing (ESM 2018): 365188c1d374d6b07c3c8f240f8ef722433d6a8b'
[    0.687383] Loaded X.509 cert 'Canonical Ltd. Secure Boot Signing (2019): c0746fd6c5da3ae827864651ad66ae47fe24b3e8'
[    0.688921] Loaded X.509 cert 'Canonical Ltd. Secure Boot Signing (2021 v1): a8d54bbb3825cfb94fa13c9f8a594a195c107b8d'
[    0.690402] Loaded X.509 cert 'Canonical Ltd. Secure Boot Signing (2021 v2): 4cf046892d6fd3c9a5b03f98d845f90851dc6a8c'
[    0.691881] Loaded X.509 cert 'Canonical Ltd. Secure Boot Signing (2021 v3): 100437bb6de6e469b581e61cd66bce3ef4ed53af'
[    0.693413] Loaded X.509 cert 'Canonical Ltd. Secure Boot Signing (Ubuntu Core 2019): c1d57b8f6b743f23ee41f4f7ee292f06eecadfb9'
[    0.695030] zswap: loaded using pool lzo/zbud
[    0.697932] Key type big_key registered
[    0.698518] Key type trusted registered
[    0.700051] Key type encrypted registered
[    0.700643] AppArmor: AppArmor sha1 policy hashing enabled
[    0.701419] ima: No TPM chip found, activating TPM-bypass! (rc=-19)
[    0.702362] ima: Allocated hash algorithm: sha1
[    0.703106] evm: HMAC attrs: 0x1
[    0.703831]   Magic number: 0:952:821
[    0.704828] rtc_cmos rtc_cmos: setting system clock to 2024-07-07 06:49:15 UTC (1720334955)
[    0.706117] BIOS EDD facility v0.16 2004-Jun-25, 0 devices found
[    0.706975] EDD information not available.
[    0.828816] Freeing unused kernel image memory: 2480K
[    1.099242] Write protecting the kernel read-only data: 20480k
[    1.100940] Freeing unused kernel image memory: 2008K
[    1.102168] Freeing unused kernel image memory: 1820K
[    1.108154] x86/mm: Checked W+X mappings: passed, no W+X pages found.
[    1.109531] x86/mm: Checking user space page tables
[    1.116304] x86/mm: Checked W+X mappings: passed, no W+X pages found.
Loading, please wait...
starting version 237
[    1.160710] e1000: Intel(R) PRO/1000 Network Driver - version 7.3.21-k8-NAPI
[    1.162308] e1000: Copyright (c) 1999-2006 Intel Corporation.
[    1.163261] Fusion MPT base driver 3.04.20
[    1.163905] Copyright (c) 1999-2008 LSI Corporation
[    1.168892] Fusion MPT SPI Host driver 3.04.20
[    1.179246] AVX2 version of gcm_enc/dec engaged.
[    1.180347] AES CTR mode by8 optimization enabled
[    1.374641] input: ImExPS/2 Generic Explorer Mouse as /devices/platform/i8042/serio1/input/input4
[    1.530708] e1000 0000:00:03.0 eth0: (PCI:33MHz:32-bit) 02:3b:7b:b7:3b:2d
[    1.531960] e1000 0000:00:03.0 eth0: Intel(R) PRO/1000 Network Connection
[    1.902727] e1000 0000:00:08.0 eth1: (PCI:33MHz:32-bit) 08:00:27:62:c5:fe
[    1.904088] e1000 0000:00:08.0 eth1: Intel(R) PRO/1000 Network Connection
[    1.906108] mptbase: ioc0: Initiating bringup
[    1.906305] e1000 0000:00:03.0 enp0s3: renamed from eth0
[    1.934922] e1000 0000:00:08.0 enp0s8: renamed from eth1
[    2.006199] ioc0: LSI53C1030 A0: Capabilities={Initiator}
[    2.252159] scsi host2: ioc0: LSI53C1030 A0, FwRev=00000000h, Ports=1, MaxQ=256, IRQ=20
[    2.421795] scsi 2:0:0:0: Direct-Access     VBOX     HARDDISK         1.0  PQ: 0 ANSI: 5
[    2.580810] scsi target2:0:0: Beginning Domain Validation
[    2.584619] scsi target2:0:0: Domain Validation skipping write tests
[    2.585782] scsi target2:0:0: Ending Domain Validation
[    2.586616] scsi target2:0:0: asynchronous
[    2.587568] scsi 2:0:1:0: Direct-Access     VBOX     HARDDISK         1.0  PQ: 0 ANSI: 5
[    3.100368] scsi target2:0:1: Beginning Domain Validation
[    3.103252] scsi target2:0:1: Domain Validation skipping write tests
[    3.104306] scsi target2:0:1: Ending Domain Validation
[    3.105323] scsi target2:0:1: asynchronous
[    3.108726] sd 2:0:0:0: Attached scsi generic sg0 type 0
[    3.108822] sd 2:0:0:0: [sda] 83886080 512-byte logical blocks: (42.9 GB/40.0 GiB)
[    3.110028] sd 2:0:1:0: Attached scsi generic sg1 type 0
[    3.112435] sd 2:0:0:0: [sda] Write Protect is off
[    3.113604] sd 2:0:1:0: [sdb] 20480 512-byte logical blocks: (10.5 MB/10.0 MiB)
[    3.115449] sd 2:0:1:0: [sdb] Write Protect is off
[    3.115551] sd 2:0:0:0: [sda] Incomplete mode parameter data
[    3.117091] sd 2:0:0:0: [sda] Assuming drive cache: write through
[    3.117219] sd 2:0:1:0: [sdb] Incomplete mode parameter data
[    3.119599] sd 2:0:1:0: [sdb] Assuming drive cache: write through
[    3.121732]  sda: sda1
[    3.122954] sd 2:0:1:0: [sdb] Attached SCSI disk
[    3.122961] sd 2:0:0:0: [sda] Attached SCSI disk
Begin: Loading essential drivers ... [    4.480061] raid6: sse2x1   gen() 13843 MB/s
[    4.528058] raid6: sse2x1   xor() 10073 MB/s
[    4.576059] raid6: sse2x2   gen() 17435 MB/s
[    4.624274] raid6: sse2x2   xor() 11677 MB/s
[    4.672076] raid6: sse2x4   gen() 19627 MB/s
[    4.720116] raid6: sse2x4   xor() 12122 MB/s
[    4.768054] raid6: avx2x1   gen() 27404 MB/s
[    4.816159] raid6: avx2x1   xor() 20072 MB/s
[    4.864012] raid6: avx2x2   gen() 32056 MB/s
[    4.912061] raid6: avx2x2   xor() 20902 MB/s
[    4.960060] raid6: avx2x4   gen() 40299 MB/s
[    5.008054] raid6: avx2x4   xor() 24221 MB/s
[    5.009009] raid6: using algorithm avx2x4 gen() 40299 MB/s
[    5.010147] raid6: .... xor() 24221 MB/s, rmw enabled
[    5.011154] raid6: using avx2x2 recovery algorithm
[    5.012833] xor: automatically using best checksumming function   avx       
[    5.014469] async_tx: api initialized (async)
done.
Begin: Running /scripts/init-premount ... done.
Begin: Mounting root file system ... Begin: Running /scripts/local-top ... done.
Begin: Running /scripts/local-premount ... [    5.045186] Btrfs loaded, crc32c=crc32c-intel
Scanning for Btrfs filesystems
done.
Warning: fsck not present, so skipping root file system
[    5.060219] EXT4-fs (sda1): mounted filesystem with ordered data mode. Opts: (null)
done.
Begin: Running /scripts/local-bottom ... done.
Begin: Running /scripts/init-bottom ... done.
[    5.154728] ip_tables: (C) 2000-2006 Netfilter Core Team
[    5.159444] systemd[1]: systemd 237 running in system mode. (+PAM +AUDIT +SELINUX +IMA +APPARMOR +SMACK +SYSVINIT +UTMP +LIBCRYPTSETUP +GCRYPT +GNUTLS +ACL +XZ +LZ4 +SECCOMP +BLKID +ELFUTILS +KMOD -IDN2 +IDN -PCRE2 default-hierarchy=hybrid)
[    5.163358] systemd[1]: Detected virtualization oracle.
[    5.164125] systemd[1]: Detected architecture x86-64.

Welcome to [1mUbuntu 18.04.6 LTS[0m!

[    5.169118] systemd[1]: Set hostname to <ubuntu>.
[    5.170528] systemd[1]: Initializing machine ID from random generator.
[    5.171463] systemd[1]: Installed transient /etc/machine-id file.
[    5.922315] systemd[1]: Reached target System Time Synchronized.
[[0;32m  OK  [0m] Reached target System Time Synchronized.
[    5.925305] systemd[1]: Created slice User and Session Slice.
[[0;32m  OK  [0m] Created slice User and Session Slice.
[    5.926683] systemd[1]: Reached target Swap.
[[0;32m  OK  [0m] Reached target Swap.
[    5.927935] systemd[1]: Started Forward Password Requests to Wall Directory Watch.
[[0;32m  OK  [0m] Started Forward Password Requests to Wall Directory Watch.
[[0;32m  OK  [0m] Reached target User and Group Name Lookups.
[[0;32m  OK  [0m] Created slice System Slice.
[[0;32m  OK  [0m] Listening on Device-mapper event daemon FIFOs.
[[0;32m  OK  [0m] Reached target Slices.
[[0;32m  OK  [0m] Listening on fsck to fsckd communication Socket.
[[0;32m  OK  [0m] Listening on Journal Socket.
         Mounting Kernel Debug File System...
         Mounting POSIX Message Queue File System...
         Starting Set the console keyboard layout...
         Mounting Huge Pages File System...
         Starting Load Kernel Modules...
[[0;32m  OK  [0m] Listening on Syslog Socket.
         Starting Create list of required st…ce nodes for the current kernel...
[[0;32m  OK  [0m] Listening on LVM2 metadata daemon socket.
[[0;32m  OK  [0m] Listening on LVM2 poll daemon socket.
[[0;32m  OK  [0m] Listening on /dev/initctl Compatibility Named Pipe.
         Starting File System Check on Root Device...
[[0;32m  OK  [0m] Listening on Network Service Netlink Socket.
[[0;32m  OK  [0m] Created slice system-serial\x2dgetty.slice.
[    6.536843] Loading iSCSI transport class v2.0-870.
[[0;32m  OK  [0m] Listening on udev Control Socket.
         Starting Uncomplicated firewall...
         Starting Monitoring of LVM2 mirrors…ng dmeventd or progress polling...
[[0;32m  OK  [0m] Listening on Journal Audit Socket.
[[0;32m  OK  [0m] Listening on Journal Socket (/dev/log).
[    6.542144] iscsi: registered transport (tcp)
         Starting Journal Service...
[[0;32m  OK  [0m] Reached target Mounting snaps.
[[0;32m  OK  [0m] Reached target Mounted snaps.
[[0;32m  OK  [0m] Listening on udev Kernel Socket.
         Starting udev Coldplug all Devices...
[[0;32m  OK  [0m] Set up automount Arbitrary Executab…rmats File System Automount Point.
[[0;32m  OK  [0m] Started Journal Service.
[[0;32m  OK  [0m] Mounted Kernel Debug File System.
[[0;32m  OK  [0m] Mounted POSIX Message Queue File System.
[[0;32m  OK  [0m] Mounted Huge Pages File System.
[    6.623594] iscsi: registered transport (iser)
[[0;32m  OK  [0m] Started Load Kernel Modules.
[[0;32m  OK  [0m] Started Create list of required sta…vice nodes for the current kernel.
[[0;32m  OK  [0m] Started Uncomplicated firewall.
[[0;32m  OK  [0m] Started File System Check on Root Device.
[[0;32m  OK  [0m] Started LVM2 metadata daemon.
[[0;32m  OK  [0m] Started File System Check Daemon to report status.
         Starting Remount Root and Kernel File Systems...
         Starting Create Static Device Nodes in /dev...
         Mounting FUSE Control File System...
         Starting Apply Kernel Variables...
         Mounting Kernel Configuration File System...
[[0;32m  OK  [0m] Started Monitoring of LVM2 mirrors,…sing dmeventd or progress polling.
[[0;32m  OK  [0m] Started udev Coldplug all Devices.
[[0;32m  OK  [0m] Mounted FUSE Control File System.
[[0;32m  OK  [0m] Mounted Kernel Configuration File System.
[[0;32m  OK  [0m] Started Remount Root and Kernel File Systems.
[[0;32m  OK  [0m] Started Create Static Device Nodes in /dev.
[[0;32m  OK  [0m] Started Apply Kernel Variables.
         Starting Flush Journal to Persistent Storage...
         Starting Load/Save Random Seed...
         Starting udev Kernel Device Manager...
[[0;32m  OK  [0m] Started Load/Save Random Seed.
[[0;32m  OK  [0m] Started udev Kernel Device Manager.
[[0;32m  OK  [0m] Started Flush Journal to Persistent Storage.
[[0;32m  OK  [0m] Found device /dev/ttyS0.
[[0;32m  OK  [0m] Listening on Load/Save RF Kill Switch Status /dev/rfkill Watch.
         Mounting Arbitrary Executable File Formats File System...
[[0;32m  OK  [0m] Mounted Arbitrary Executable File Formats File System.
[[0;32m  OK  [0m] Started Set the console keyboard layout.
[[0;32m  OK  [0m] Started Dispatch Password Requests to Console Directory Watch.
[[0;32m  OK  [0m] Reached target Local Encrypted Volumes.
[[0;32m  OK  [0m] Reached target Local File Systems (Pre).
[[0;32m  OK  [0m] Reached target Local File Systems.
         Starting Tell Plymouth To Write Out Runtime Data...
         Starting Set console font and keymap...
         Starting Commit a transient machine-id on disk...
         Starting AppArmor initialization...
         Starting ebtables ruleset management...
         Starting Create Volatile Files and Directories...
[[0;32m  OK  [0m] Started Tell Plymouth To Write Out Runtime Data.
[[0;32m  OK  [0m] Started Create Volatile Files and Directories.
         Starting Update UTMP about System Boot/Shutdown...
[[0;32m  OK  [0m] Started Update UTMP about System Boot/Shutdown.
[[0;32m  OK  [0m] Started Commit a transient machine-id on disk.
[[0;32m  OK  [0m] Started ebtables ruleset management.
[[0;32m  OK  [0m] Started AppArmor initialization.
         Starting Load AppArmor profiles managed internally by snapd...
         Starting Initial cloud-init job (pre-networking)...
[[0;32m  OK  [0m] Started Load AppArmor profiles managed internally by snapd.
[[0;32m  OK  [0m] Started Set console font and keymap.
[    8.551945] cloud-init[793]: Cloud-init v. 23.1.2-0ubuntu0~18.04.1 running 'init-local' at Sun, 07 Jul 2024 06:49:23 +0000. Up 8.31 seconds.
[[0;32m  OK  [0m] Started Initial cloud-init job (pre-networking).
[[0;32m  OK  [0m] Reached target Network (Pre).
         Starting Network Service...
[[0;32m  OK  [0m] Started Network Service.
         Starting Wait for Network to be Configured...
         Starting Network Name Resolution...
[[0;32m  OK  [0m] Started Network Name Resolution.
[[0;32m  OK  [0m] Reached target Host and Network Name Lookups.
[[0;32m  OK  [0m] Reached target Network.
[[0;32m  OK  [0m] Started Wait for Network to be Configured.
         Starting Initial cloud-init job (metadata service crawler)...
[   10.703214] cloud-init[1092]: Cloud-init v. 23.1.2-0ubuntu0~18.04.1 running 'init' at Sun, 07 Jul 2024 06:49:25 +0000. Up 10.60 seconds.
[   10.704275] cloud-init[1092]: ci-info: ++++++++++++++++++++++++++++++++++++++Net device info+++++++++++++++++++++++++++++++++++++++
[   10.705299] cloud-init[1092]: ci-info: +--------+-------+----------------------------+---------------+--------+-------------------+
[   10.706624] cloud-init[1092]: ci-info: | Device |   Up  |          Address           |      Mask     | Scope  |     Hw-Address    |
[   10.707930] cloud-init[1092]: ci-info: +--------+-------+----------------------------+---------------+--------+-------------------+
[   10.709161] cloud-init[1092]: ci-info: | enp0s3 |  True |         10.0.2.15          | 255.255.255.0 | global | 02:3b:7b:b7:3b:2d |
[   10.710259] cloud-init[1092]: ci-info: | enp0s3 |  True | fe80::3b:7bff:feb7:3b2d/64 |       .       |  link  | 02:3b:7b:b7:3b:2d |
[   10.711631] cloud-init[1092]: ci-info: | enp0s8 | False |             .              |       .       |   .    | 08:00:27:62:c5:fe |
[   10.712717] cloud-init[1092]: ci-info: |   lo   |  True |         127.0.0.1          |   255.0.0.0   |  host  |         .         |
[   10.713694] cloud-init[1092]: ci-info: |   lo   |  True |          ::1/128           |       .       |  host  |         .         |
[   10.714916] cloud-init[1092]: ci-info: +--------+-------+----------------------------+---------------+--------+-------------------+
[   10.716145] cloud-init[1092]: ci-info: ++++++++++++++++++++++++++++Route IPv4 info+++++++++++++++++++++++++++++
[   10.717214] cloud-init[1092]: ci-info: +-------+-------------+----------+-----------------+-----------+-------+
[   10.718125] cloud-init[1092]: ci-info: | Route | Destination | Gateway  |     Genmask     | Interface | Flags |
[   10.719003] cloud-init[1092]: ci-info: +-------+-------------+----------+-----------------+-----------+-------+
[   10.720217] cloud-init[1092]: ci-info: |   0   |   0.0.0.0   | 10.0.2.2 |     0.0.0.0     |   enp0s3  |   UG  |
[   10.721338] cloud-init[1092]: ci-info: |   1   |   10.0.2.0  | 0.0.0.0  |  255.255.255.0  |   enp0s3  |   U   |
[   10.732139] cloud-init[1092]: ci-info: |   2   |   10.0.2.2  | 0.0.0.0  | 255.255.255.255 |   enp0s3  |   UH  |
[   10.733126] cloud-init[1092]: ci-info: +-------+-------------+----------+-----------------+-----------+-------+
[   10.733976] cloud-init[1092]: ci-info: +++++++++++++++++++Route IPv6 info+++++++++++++++++++
[   10.734842] cloud-init[1092]: ci-info: +-------+-------------+---------+-----------+-------+
[   10.735643] cloud-init[1092]: ci-info: | Route | Destination | Gateway | Interface | Flags |
[   10.748148] cloud-init[1092]: ci-info: +-------+-------------+---------+-----------+-------+
[   11.564836] cloud-init[1092]: ci-info: |   1   |  fe80::/64  |    ::   |   enp0s3  |   U   |
[   11.565684] cloud-init[1092]: ci-info: |   3   |    local    |    ::   |   enp0s3  |   U   |
[   11.566441] cloud-init[1092]: ci-info: |   4   |   ff00::/8  |    ::   |   enp0s3  |   U   |
[   11.576153] cloud-init[1092]: ci-info: +-------+-------------+---------+-----------+-------+
[   12.731115] cloud-init[1092]: Generating public/private rsa key pair.
[   12.731921] cloud-init[1092]: Your identification has been saved in /etc/ssh/ssh_host_rsa_key.
[   12.732826] cloud-init[1092]: Your public key has been saved in /etc/ssh/ssh_host_rsa_key.pub.
[   12.733708] cloud-init[1092]: The key fingerprint is:
[   12.734262] cloud-init[1092]: SHA256:4QNlE6l4tcGiVmuYsdKAhluteXQv+TNJ2dNqnAImDSw root@ubuntu-bionic
[   12.735203] cloud-init[1092]: The key's randomart image is:
[   12.735854] cloud-init[1092]: +---[RSA 2048]----+
[   12.736370] cloud-init[1092]: |.. o   .=o       |
[   12.736852] cloud-init[1092]: |o.E * +o=.       |
[   12.737414] cloud-init[1092]: |.o B %.B.= .     |
[   12.737948] cloud-init[1092]: |. + @ @o=.o .    |
[   12.738494] cloud-init[1092]: |   + = =So +     |
[   12.739037] cloud-init[1092]: |        *.=      |
[   12.739577] cloud-init[1092]: |         =       |
[   12.740135] cloud-init[1092]: |                 |
[   12.740681] cloud-init[1092]: |                 |
[   12.741057] cloud-init[1092]: +----[SHA256]-----+
[   12.741528] cloud-init[1092]: Generating public/private dsa key pair.
[   12.742072] cloud-init[1092]: Your identification has been saved in /etc/ssh/ssh_host_dsa_key.
[   12.743013] cloud-init[1092]: Your public key has been saved in /etc/ssh/ssh_host_dsa_key.pub.
[   12.743955] cloud-init[1092]: The key fingerprint is:
[   12.744579] cloud-init[1092]: SHA256:mteNKyNXUJ9rlVoTgVQ5qVBgKzj9OyhLOn04+1A9Hr8 root@ubuntu-bionic
[   12.745489] cloud-init[1092]: The key's randomart image is:
[   12.746129] cloud-init[1092]: +---[DSA 1024]----+
[   12.746658] cloud-init[1092]: |          o+ooo+ |
[   12.747196] cloud-init[1092]: |       o .o.. =  |
[   12.747771] cloud-init[1092]: |      o o..o o + |
[   12.748354] cloud-init[1092]: |       ..+  + =  |
[   12.748889] cloud-init[1092]: |        S.=  = . |
[   12.749357] cloud-init[1092]: |       + +.B+    |
[   12.749917] cloud-init[1092]: |     .*.o.*.o    |
[   12.750470] cloud-init[1092]: |    .o===  o .   |
[   12.751017] cloud-init[1092]: |    ..oB.o. E    |
[   12.751566] cloud-init[1092]: +----[SHA256]-----+
[   12.752069] cloud-init[1092]: Generating public/private ecdsa key pair.
[   12.752683] cloud-init[1092]: Your identification has been saved in /etc/ssh/ssh_host_ecdsa_key.
[   12.753530] cloud-init[1092]: Your public key has been saved in /etc/ssh/ssh_host_ecdsa_key.pub.
[   12.754482] cloud-init[1092]: The key fingerprint is:
[   12.755050] cloud-init[1092]: SHA256:Giv1HYKibJEl6I0e62zle4BAR2QMK1eHBrUEujnwb1c root@ubuntu-bionic
[   12.756072] cloud-init[1092]: The key's randomart image is:
[   12.768405] cloud-init[1092]: +---[ECDSA 256]---+
[[0;32m  OK  [0m] Started Initial cloud-init job (metadata service crawler).
[   12.784679] cloud-init[1092]: | .BB+..          |
[[0;32m  OK  [0m] Reached target Cloud-config availability.
[[   12.796699] [0;32m  OK  [0mcloud-init] [1092]: Reached target System Initialization.| +o=oo           |

[[0;32m  OK  [0m] Listening on cloud-init hotplug hook socket.
[   12.798055] cloud-init[1092]: |*.+.o            |
[[0;32m  OK  [0m] Started Discard unused blocks once a week.
[   12.812128] cloud-init[1092]: |==o+   .         |
[[0;32m  OK  [0m] Listening on D-Bus System Message Bus Socket.
[   12.813301] cloud-init[1092]: |=+=.. + E .      |
[[0;32m  OK  [0m] Started Daily apt download activities.
[[0;32m  OK  [0m] [   12.814111] Started Daily apt upgrade and clean activities.cloud-init
[1092]: |.+o* o * o .     |
[[0;32m  OK  [0m] Started ACPI Events Check.
[   12.816367] cloud-init[1092]: | o* = + . .      |
         Starting Socket activation for snappy daemon.
[   12.817364] cloud-init[1092]: |oo o +           |
[   12.818438]          cloud-initStarting LXD - unix socket.[1092]: 
|.o .o            |
[[0;32m  OK  [0m] Reached target Paths.
[   12.828184] cloud-init[1092]: +----[SHA256]-----+
[[0;32m  OK  [0m] Started Daily Cleanup of Temporary Directories.
[   12.841011] cloud-init[1092]: Generating public/private ed25519 key pair.
[[0;32m  OK  [0m] Listening on ACPID Listen Socket.
[   12.842345] cloud-init[1092]: Your identification has been saved in /etc/ssh/ssh_host_ed25519_key.
[[0;32m  OK  [0m] Started Message of the Day.
[   12.843832] cloud-init[1092]: Your public key has been saved in /etc/ssh/ssh_host_ed25519_key.pub.
[[0;32m  OK  [0m] Listening on Open-iSCSI iscsid Socket.
[   12.845281] cloud-init[1092]: The key fingerprint is:
[[0;32m  OK  [0m] Listening on UUID daemon activation socket.
[   12.856361] cloud-init[1092]: SHA256:qSSZK05cYX+B56ZfQu7dw0D0RGtdNFTdXCSFD2fI/7E root@ubuntu-bionic
[[0;32m  OK  [0m] Started Ubuntu Advantage Timer for running repeated jobs.
[   12.857066] cloud-init[1092]: The key's randomart image is:
[[0;32m  OK  [0m] Reached target Timers.
[   12.858221] cloud-init[1092]: +--[ED25519 256]--+
[[0;32m  OK  [0m] Reached target Network is Online.
[   12.927528] cloud-init[1092]: |           ...oX%|
[[0;32m  OK  [0m] Reached target Remote File Systems (Pre).
[   13.069711] cloud-init[1092]: |       .  . .o=oB|
[[0;32m  OK  [0m] Reached target Remote File Systems.
[   13.070430] cloud-init[1092]: |    o . o. oo .* |
[   13.071680] cloud-init[1092]: |   . = o o...  .o|
[   13.072392] cloud-init[1092]: |    = o S.      +|
         Starting Availability of block devices...[   13.072976] 
cloud-init[1092]: | . . + B  .    E.|
[[0;32m  OK  [0m] Listening on Socket activation for snappy daemon.
[   13.073673] cloud-init[1092]: |  + . o o .o     |
[[0;32m  OK  [0m] Listening on LXD - unix socket.
[   13.088261] cloud-init[1092]: | o .   o + .o    |
[[0;32m  OK  [0m] Started Availability of block devices.
[   13.089285] cloud-init[1092]: |  .     o . ..   |
[[0;32m  OK  [0m] Reached target Sockets.
[[   13.100651] [0;32m  OK  [0mcloud-init] [1092]: Reached target Basic System.+----[SHA256]-----+

[[0;32m  OK  [0m] Started irqbalance daemon.
         Starting Dispatcher daemon for systemd-networkd...
[[0;32m  OK  [0m] Reached target Login Prompts (Pre).
         Starting Pollinate to seed the pseudo random number generator...
[[0;32m  OK  [0m] Started Deferred execution scheduler.
         Starting LSB: automatic crash report generation...
[[0;32m  OK  [0m] Started D-Bus System Message Bus.
[[0;32m  OK  [0m] Started FUSE filesystem for LXC.
         Starting Login Service...
         Starting LXD - container startup/shutdown...
         Starting Virtualbox guest utils...
[[0;32m  OK  [0m] Started Regular background program processing daemon.
         Starting LSB: Record successful boot for GRUB...
         Starting System Logging Service...
         Starting Permit User Sessions...
         Starting Accounts Service...
         Starting Snap Daemon...
[[0;32m  OK  [0m] Started System Logging Service.
[[0;32m  OK  [0m] Started Dispatcher daemon for systemd-networkd.
[[0;32m  OK  [0m] Started LXD - container startup/shutdown.
[[0;32m  OK  [0m] Started Permit User Sessions.
[[0;32m  OK  [0m] Started Login Service.
[[0;32m  OK  [0m] Started Unattended Upgrades Shutdown.
         Starting Terminate Plymouth Boot Screen...
         Starting Hold until boot process finishes up...
[[0;32m  OK  [0m] Started Hold until boot process finishes up.
[[0;32m  OK  [0m] Started Terminate Plymouth Boot Screen.
         Starting Set console scheme...
[[0;32m  OK  [0m] Started Serial Getty on ttyS0.
[[0;32m  OK  [0m] Started LSB: automatic crash report generation.
[[0;32m  OK  [0m] Started Set console scheme.
[[0;32m  OK  [0m] Created slice system-getty.slice.
[[0;32m  OK  [0m] Started Getty on tty1.
[[0;32m  OK  [0m] Reached target Login Prompts.
         Starting Authorization Manager...
[[0;32m  OK  [0m] Started Virtualbox guest utils.
[[0;32m  OK  [0m] Started Authorization Manager.
[[0;32m  OK  [0m] Started LSB: Record successful boot for GRUB.
[[0;32m  OK  [0m] Started Accounts Service.
[[0;32m  OK  [0m] Started Snap Daemon.
         Starting Wait until snapd is fully seeded...
         Starting Time & Date Service...
[[0;32m  OK  [0m] Started Time & Date Service.
[[0;32m  OK  [0m] Started Pollinate to seed the pseudo random number generator.
         Starting OpenBSD Secure Shell server...
[[0;32m  OK  [0m] Started OpenBSD Secure Shell server.
[[0;32m  OK  [0m] Created slice User Slice of vagrant.
         Starting User Manager for UID 1000...
[[0;32m  OK  [0m] Started Session 1 of user vagrant.
[[0;32m  OK  [0m] Started User Manager for UID 1000.
[[0;32m  OK  [0m] Started Wait until snapd is fully seeded.
         Starting Apply the settings specified in cloud-config...
         Stopping User Manager for UID 1000...
[[0;32m  OK  [0m] Stopped User Manager for UID 1000.
[[0;32m  OK  [0m] Removed slice User Slice of vagrant.
[[0;32m  OK  [0m] Created slice User Slice of vagrant.
         Starting User Manager for UID 1000...
[[0;32m  OK  [0m] Started Session 3 of user vagrant.
[[0;32m  OK  [0m] Started User Manager for UID 1000.
[   17.986388] cloud-init[2102]: Cloud-init v. 23.1.2-0ubuntu0~18.04.1 running 'modules:config' at Sun, 07 Jul 2024 06:49:32 +0000. Up 17.71 seconds.
[[0;32m  OK  [0m] Started Apply the settings specified in cloud-config.
[[0;32m  OK  [0m] Reached target Multi-User System.
[[0;32m  OK  [0m] Reached target Graphical Interface.
         Starting Update UTMP about System Runlevel Changes...
         Starting Execute cloud user/final scripts...
[[0;32m  OK  [0m] Started Update UTMP about System Runlevel Changes.
ci-info: no authorized SSH keys fingerprints found for user ubuntu.
<14>Jul  7 06:49:33 cloud-init: #############################################################
<14>Jul  7 06:49:33 cloud-init: -----BEGIN SSH HOST KEY FINGERPRINTS-----
<14>Jul  7 06:49:33 cloud-init: 1024 SHA256:mteNKyNXUJ9rlVoTgVQ5qVBgKzj9OyhLOn04+1A9Hr8 root@ubuntu-bionic (DSA)
<14>Jul  7 06:49:33 cloud-init: 256 SHA256:Giv1HYKibJEl6I0e62zle4BAR2QMK1eHBrUEujnwb1c root@ubuntu-bionic (ECDSA)
<14>Jul  7 06:49:33 cloud-init: 256 SHA256:qSSZK05cYX+B56ZfQu7dw0D0RGtdNFTdXCSFD2fI/7E root@ubuntu-bionic (ED25519)
<14>Jul  7 06:49:33 cloud-init: 2048 SHA256:4QNlE6l4tcGiVmuYsdKAhluteXQv+TNJ2dNqnAImDSw root@ubuntu-bionic (RSA)
<14>Jul  7 06:49:33 cloud-init: -----END SSH HOST KEY FINGERPRINTS-----
<14>Jul  7 06:49:33 cloud-init: #############################################################
-----BEGIN SSH HOST KEY KEYS-----
ecdsa-sha2-nistp256 AAAAE2VjZHNhLXNoYTItbmlzdHAyNTYAAAAIbmlzdHAyNTYAAABBBOV26d44vKpSFqqI9dupkkvbBkn7htXmTmlDSNZ3PlLrLdMJ0iAIbiHwDJluxQuYhING/8ALaSyLWAW/KFgFvGQ= root@ubuntu-bionic
ssh-ed25519 AAAAC3NzaC1lZDI1NTE5AAAAIIMZRL9Jp10ysQPBynD8EoWEYHum23J1OI2rDG+dxTf5 root@ubuntu-bionic
ssh-rsa AAAAB3NzaC1yc2EAAAADAQABAAABAQCkV1Q4qwPHcgNGTFUowM5uffOEZP0QYKcIPfIPd/W1jFkSdY+/B6UuvwMp7gLpPmfvvQqoehjavoo/x7OGvZckcseoK+MDOHtXJI/4YU5LUwI+iTVaW0Th3ofQyRaijsA8vvFmJoJutGobAT8tBoRyeVR9/0d2g66BU3KRy1O8Prd2zNovNBo+ESHo0HqOdj4T55I9AwqpdS09P0F9EPAJz4Q6QBCq9hWHCrmN4iTYvAax0n+DX9lauk5svLqVseMymgKfvu80hzjDulv8/SS4kzWyB+xwHVgvtEX0ve3gXiz+cC/kLrLfVcNd0NdpuB0sruN388P4iFfMFhwknwyj root@ubuntu-bionic
-----END SSH HOST KEY KEYS-----
[   18.613021] cloud-init[2242]: Cloud-init v. 23.1.2-0ubuntu0~18.04.1 running 'modules:final' at Sun, 07 Jul 2024 06:49:33 +0000. Up 18.43 seconds.
[   18.613639] cloud-init[2242]: Cloud-init v. 23.1.2-0ubuntu0~18.04.1 finished at Sun, 07 Jul 2024 06:49:33 +0000. Datasource DataSourceNoCloud [seed=/dev/sdb][dsmode=net].  Up 18.60 seconds

Ubuntu 18.04.6 LTS hyunghkiSW ttyS0

hyunghkiSW login:                                                                                                                                                                                                                                                                                                                                                                                        